TN:
SF:js/components.js
FN:24,handleComponentError
FN:33,loadComponent
FN:58,setActiveNavItem
FN:76,(anonymous_3)
FN:81,(anonymous_4)
FNF:5
FNH:4
FNDA:2,handleComponentError
FNDA:8,loadComponent
FNDA:10,setActiveNavItem
FNDA:2,(anonymous_3)
FNDA:0,(anonymous_4)
DA:17,1
DA:25,2
DA:26,2
DA:34,8
DA:35,8
DA:36,1
DA:37,1
DA:40,7
DA:41,7
DA:42,7
DA:43,1
DA:45,6
DA:46,6
DA:49,6
DA:50,3
DA:53,1
DA:59,10
DA:60,10
DA:62,10
DA:63,7
DA:64,7
DA:65,4
DA:67,4
DA:68,4
DA:69,3
DA:70,3
DA:76,1
DA:78,2
DA:82,0
DA:86,1
LF:30
LH:29
BRDA:35,0,0,1
BRDA:35,0,1,7
BRDA:42,1,0,1
BRDA:42,1,1,6
BRDA:49,2,0,3
BRDA:49,2,1,3
BRDA:59,3,0,10
BRDA:59,3,1,2
BRDA:62,4,0,7
BRDA:62,4,1,3
BRDA:64,5,0,4
BRDA:64,5,1,3
BRDA:68,6,0,3
BRDA:68,6,1,1
BRF:14
BRH:14
end_of_record
